	 Intel oneAPI 2021
Contando primos en paralelo v2
Programa encuentra el numero de primos menores o iguales a 2000000

Numero de primos totales: 148933 
1	 266.1663819815 
Programa encuentra el numero de primos menores o iguales a 2000000

Numero de primos totales: 148933 
2	 196.2804170821 
Programa encuentra el numero de primos menores o iguales a 2000000

Numero de primos totales: 148933 
3	 144.3351378675 
Programa encuentra el numero de primos menores o iguales a 2000000

Numero de primos totales: 148933 
4	 113.2655228546 
Programa encuentra el numero de primos menores o iguales a 2000000

Numero de primos totales: 148933 
5	 93.1623069466 
Programa encuentra el numero de primos menores o iguales a 2000000

Numero de primos totales: 148933 
6	 78.9642494472 
Programa encuentra el numero de primos menores o iguales a 2000000

Numero de primos totales: 148933 
7	 68.4856242528 
Programa encuentra el numero de primos menores o iguales a 2000000

Numero de primos totales: 148933 
8	 60.4860985347 
Programa encuentra el numero de primos menores o iguales a 2000000

Numero de primos totales: 148933 
9	 54.2539194946 
Programa encuentra el numero de primos menores o iguales a 2000000

Numero de primos totales: 148933 
10	 49.0407889388 
Programa encuentra el numero de primos menores o iguales a 2000000

Numero de primos totales: 148933 
11	 44.8207601049 
Programa encuentra el numero de primos menores o iguales a 2000000

Numero de primos totales: 148933 
12	 41.1781808938 
Programa encuentra el numero de primos menores o iguales a 2000000

Numero de primos totales: 148933 
13	 38.1919774176 
Programa encuentra el numero de primos menores o iguales a 2000000

Numero de primos totales: 148933 
14	 35.5184816110 
Programa encuentra el numero de primos menores o iguales a 2000000

Numero de primos totales: 148933 
15	 33.1739892322 
